<?xml version="1.0" encoding="UTF-8"?>
<!-- Generated by org.testng.reporters.JUnitReportReporter -->
<testsuite skipped="0" hostname="LAPTOP-B83IAJ68" name="qaclickacadamy.RESTAPITest" tests="2" failures="0" timestamp="2020-02-09T00:09:54 CST" time="0.000" errors="0">
  <testcase name="postjira" time="0.000" classname="qaclickacadamy.RESTAPITest"/>
  <system-out/>
  <testcase name="deleteTwitter" time="0.000" classname="qaclickacadamy.RESTAPITest"/>
  <system-out/>
</testsuite> <!-- qaclickacadamy.RESTAPITest -->
