<?xml version="1.0" encoding="UTF-8"?>
<!-- Generated by org.testng.reporters.JUnitReportReporter -->
<testsuite skipped="0" hostname="LAPTOP-B83IAJ68" name="qaclickacadamy.SeleniumTest" tests="2" failures="0" timestamp="2020-02-09T00:09:54 CST" time="0.005" errors="0">
  <testcase name="ElementsUi" time="0.001" classname="qaclickacadamy.SeleniumTest"/>
  <system-out/>
  <testcase name="BrowserAutomation" time="0.004" classname="qaclickacadamy.SeleniumTest"/>
  <system-out/>
</testsuite> <!-- qaclickacadamy.SeleniumTest -->
