<?xml version="1.0" encoding="UTF-8"?>
<!-- Generated by org.testng.reporters.JUnitReportReporter -->
<testsuite skipped="0" hostname="LAPTOP-B83IAJ68" name="qaclickacadamy.AppiumTest" tests="2" failures="0" timestamp="2020-02-09T00:04:19 CST" time="0.000" errors="0">
  <testcase name="IOSApps" time="0.000" classname="qaclickacadamy.AppiumTest"/>
  <system-out/>
  <testcase name="NativeAppAndroid" time="0.000" classname="qaclickacadamy.AppiumTest"/>
  <system-out/>
</testsuite> <!-- qaclickacadamy.AppiumTest -->
